<?xml version="1.0" encoding="UTF-8"?>
<testsuite xmlns:xsi="http://www.w3.org/2001/XMLSchema-instance" xsi:noNamespaceSchemaLocation="https://maven.apache.org/surefire/maven-surefire-plugin/xsd/surefire-test-report.xsd" name="team.tjusw.elm.service.IntegralServiceTest" time="0.122" tests="18" errors="0" skipped="0" failures="0">
  <properties>
[...]
</properties>
  <testcase name="testCalculateDeductedAmount" classname="team.tjusw.elm.service.IntegralServiceTest" time="0"/>
  <testcase name="testSignIn_FirstTime" classname="team.tjusw.elm.service.IntegralServiceTest" time="0.001"/>
  <testcase name="testCalculateIntegralByBirthday_Birthday" classname="team.tjusw.elm.service.IntegralServiceTest" time="0.001"/>
  <testcase name="testCalculateIntegralByBirthday_NotBirthdayMonth" classname="team.tjusw.elm.service.IntegralServiceTest" time="0"/>
  <testcase name="testAddIntegral" classname="team.tjusw.elm.service.IntegralServiceTest" time="0"/>
  <testcase name="testCalculateIntegralByActivity" classname="team.tjusw.elm.service.IntegralServiceTest" time="0.009"/>
  <testcase name="testConsumeIntegral_InsufficientPoints" classname="team.tjusw.elm.service.IntegralServiceTest" time="0.013"/>
  <testcase name="testCalculateIntegralByBirthday_BirthdayMonth" classname="team.tjusw.elm.service.IntegralServiceTest" time="0.005"/>
  <testcase name="testGetIntegralDetails" classname="team.tjusw.elm.service.IntegralServiceTest" time="0.014"/>
  <testcase name="testCalculateIntegralByVip" classname="team.tjusw.elm.service.IntegralServiceTest" time="0.007"/>
  <testcase name="testCalculateIntegralByCheckIn" classname="team.tjusw.elm.service.IntegralServiceTest" time="0.006"/>
  <testcase name="testCalculateIntegralByOrderAmount" classname="team.tjusw.elm.service.IntegralServiceTest" time="0.005"/>
  <testcase name="testGetIntegralStatistics" classname="team.tjusw.elm.service.IntegralServiceTest" time="0.009"/>
  <testcase name="testConsumeIntegral_Success" classname="team.tjusw.elm.service.IntegralServiceTest" time="0.013"/>
  <testcase name="testGetAvailableIntegralDetails" classname="team.tjusw.elm.service.IntegralServiceTest" time="0.008"/>
  <testcase name="testCalculateIntegralByComment_WithPicture" classname="team.tjusw.elm.service.IntegralServiceTest" time="0.005"/>
  <testcase name="testGetAvailableIntegral" classname="team.tjusw.elm.service.IntegralServiceTest" time="0.009"/>
  <testcase name="testCalculateIntegralByComment_WithoutPicture" classname="team.tjusw.elm.service.IntegralServiceTest" time="0.006"/>
</testsuite>